<?xml version="1.0" encoding="UTF-8"?>
<testsuites name="jest tests" tests="4" failures="0" errors="0" time="6.279">
  <testsuite name="api testing of &quot;Cities&quot; for referential website" errors="0" failures="0" skipped="0" timestamp="2022-12-14T21:09:22" time="2.809" tests="2">
    <testcase classname="api testing of &quot;Cities&quot; for referential website check status code &quot;Cities&quot; request for Referential API " name="api testing of &quot;Cities&quot; for referential website check status code &quot;Cities&quot; request for Referential API " time="0.004">
    </testcase>
    <testcase classname="api testing of &quot;Cities&quot; for referential website check response body for &quot;Cities&quot; for Referential API " name="api testing of &quot;Cities&quot; for referential website check response body for &quot;Cities&quot; for Referential API " time="0.005">
    </testcase>
  </testsuite>
  <testsuite name="API testgin for website referential" errors="0" failures="0" skipped="0" timestamp="2022-12-14T21:09:25" time="2.009" tests="2">
    <testcase classname="API testgin for website referential api testing of &quot;Countries&quot; for referential website check status code &quot;Countries&quot; request for Referential API " name="API testgin for website referential api testing of &quot;Countries&quot; for referential website check status code &quot;Countries&quot; request for Referential API " time="0.004">
    </testcase>
    <testcase classname="API testgin for website referential api testing of &quot;Countries&quot; for referential website check response body for &quot;Countries&quot; for Referential API " name="API testgin for website referential api testing of &quot;Countries&quot; for referential website check response body for &quot;Countries&quot; for Referential API " time="0.025">
    </testcase>
  </testsuite>
</testsuites>